TN:
SF:D:\Entwicklung\trashbay\api\node-swagger-express-skeleton\config.js
FNF:0
FNH:0
DA:1,1
DA:3,1
DA:11,1
DA:18,1
LF:4
LH:4
BRF:0
BRH:0
end_of_record
TN:
SF:D:\Entwicklung\trashbay\api\node-swagger-express-skeleton\index.js
FN:16,(anonymous_0)
FN:19,(anonymous_1)
FN:25,addMiddleware
FN:30,startServer
FN:31,(anonymous_4)
FNF:5
FNH:5
FNDA:1,(anonymous_0)
FNDA:1,(anonymous_1)
FNDA:1,addMiddleware
FNDA:1,startServer
FNDA:1,(anonymous_4)
DA:3,1
DA:4,1
DA:5,1
DA:6,1
DA:7,1
DA:8,1
DA:10,1
DA:11,1
DA:12,1
DA:15,1
DA:17,1
DA:20,1
DA:21,1
DA:26,1
DA:27,1
DA:31,1
DA:32,1
DA:33,1
DA:37,1
LF:19
LH:19
BRF:0
BRH:0
end_of_record
TN:
SF:D:\Entwicklung\trashbay\api\node-swagger-express-skeleton\mongoose-config.js
FN:4,(anonymous_0)
FN:10,(anonymous_1)
FNF:2
FNH:2
FNDA:1,(anonymous_0)
FNDA:1,(anonymous_1)
DA:1,1
DA:2,1
DA:4,1
DA:6,1
DA:8,1
DA:10,1
DA:11,1
DA:12,0
DA:13,0
DA:15,1
DA:16,1
DA:20,1
LF:12
LH:10
BRDA:11,0,0,0
BRDA:11,0,1,1
BRF:2
BRH:1
end_of_record
TN:
SF:D:\Entwicklung\trashbay\api\node-swagger-express-skeleton\swagger-tools-config.js
FN:8,(anonymous_0)
FN:9,(anonymous_1)
FN:14,(anonymous_2)
FN:25,AuthenticationError
FN:33,(anonymous_4)
FN:37,(anonymous_5)
FN:47,(anonymous_6)
FN:49,(anonymous_7)
FNF:8
FNH:8
FNDA:33,(anonymous_0)
FNDA:33,(anonymous_1)
FNDA:26,(anonymous_2)
FNDA:7,AuthenticationError
FNDA:1,(anonymous_4)
FNDA:1,(anonymous_5)
FNDA:33,(anonymous_6)
FNDA:33,(anonymous_7)
DA:1,1
DA:2,1
DA:3,1
DA:4,1
DA:5,1
DA:7,1
DA:9,33
DA:10,33
DA:12,33
DA:14,26
DA:15,26
DA:17,26
DA:19,26
DA:26,7
DA:27,7
DA:28,7
DA:29,7
DA:30,7
DA:33,1
DA:35,1
DA:37,1
DA:39,1
DA:42,1
DA:46,1
DA:49,33
DA:50,33
DA:51,0
DA:53,33
DA:54,7
DA:56,26
DA:57,26
DA:63,1
DA:69,1
DA:72,1
DA:74,1
DA:77,1
LF:36
LH:35
BRDA:10,0,0,0
BRDA:10,0,1,33
BRDA:12,1,0,7
BRDA:12,1,1,26
BRDA:15,2,0,0
BRDA:15,2,1,26
BRDA:17,3,0,0
BRDA:17,3,1,26
BRDA:30,4,0,7
BRDA:30,4,1,7
BRDA:50,5,0,0
BRDA:50,5,1,33
BRDA:53,6,0,7
BRDA:53,6,1,26
BRDA:66,7,0,0
BRDA:66,7,1,1
BRF:16
BRH:11
end_of_record
TN:
SF:D:\Entwicklung\trashbay\api\node-swagger-express-skeleton\controllers\controller-util.js
FN:3,(anonymous_0)
FNF:1
FNH:1
FNDA:4,(anonymous_0)
DA:1,1
DA:4,4
LF:2
LH:2
BRF:0
BRH:0
end_of_record
TN:
SF:D:\Entwicklung\trashbay\api\node-swagger-express-skeleton\controllers\movie-controller.js
FN:6,NotFoundError
FN:13,getPublicMovieData
FN:18,getMovieById
FN:19,(anonymous_3)
FN:28,castQueryParam
FN:40,create
FN:42,(anonymous_6)
FN:51,(anonymous_7)
FN:68,(anonymous_8)
FN:72,(anonymous_9)
FN:81,(anonymous_10)
FN:82,(anonymous_11)
FN:90,(anonymous_12)
FN:91,(anonymous_13)
FN:95,(anonymous_14)
FN:99,(anonymous_15)
FN:109,(anonymous_16)
FN:110,(anonymous_17)
FN:114,(anonymous_18)
FNF:19
FNH:18
FNDA:3,NotFoundError
FNDA:0,getPublicMovieData
FNDA:8,getMovieById
FNDA:8,(anonymous_3)
FNDA:36,castQueryParam
FNDA:12,create
FNDA:12,(anonymous_6)
FNDA:4,(anonymous_7)
FNDA:4,(anonymous_8)
FNDA:5,(anonymous_9)
FNDA:2,(anonymous_10)
FNDA:2,(anonymous_11)
FNDA:2,(anonymous_12)
FNDA:2,(anonymous_13)
FNDA:1,(anonymous_14)
FNDA:1,(anonymous_15)
FNDA:3,(anonymous_16)
FNDA:3,(anonymous_17)
FNDA:2,(anonymous_18)
DA:3,1
DA:4,1
DA:7,3
DA:8,3
DA:9,3
DA:10,3
DA:14,0
DA:15,0
DA:19,8
DA:20,8
DA:21,3
DA:23,5
DA:29,36
DA:30,2
DA:31,0
DA:34,2
DA:37,34
DA:40,1
DA:41,12
DA:42,12
DA:43,12
DA:44,0
DA:46,12
DA:47,12
DA:51,1
DA:53,4
DA:66,4
DA:68,4
DA:69,4
DA:70,0
DA:72,4
DA:73,5
DA:75,4
DA:81,1
DA:82,2
DA:83,2
DA:84,1
DA:86,1
DA:90,1
DA:91,2
DA:92,2
DA:93,1
DA:95,1
DA:96,1
DA:97,0
DA:99,1
DA:100,1
DA:101,0
DA:103,1
DA:109,1
DA:110,3
DA:111,3
DA:112,1
DA:114,2
DA:115,2
DA:116,0
DA:118,2
LF:57
LH:49
BRDA:20,0,0,3
BRDA:20,0,1,5
BRDA:29,1,0,2
BRDA:29,1,1,34
BRDA:30,2,0,0
BRDA:30,2,1,2
BRDA:43,3,0,0
BRDA:43,3,1,12
BRDA:69,4,0,0
BRDA:69,4,1,4
BRDA:83,5,0,1
BRDA:83,5,1,1
BRDA:92,6,0,1
BRDA:92,6,1,1
BRDA:96,7,0,0
BRDA:96,7,1,1
BRDA:100,8,0,0
BRDA:100,8,1,1
BRDA:111,9,0,1
BRDA:111,9,1,2
BRDA:115,10,0,0
BRDA:115,10,1,2
BRF:22
BRH:16
end_of_record
TN:
SF:D:\Entwicklung\trashbay\api\node-swagger-express-skeleton\controllers\user-controller.js
FN:5,create
FN:7,(anonymous_1)
FN:16,(anonymous_2)
FN:17,(anonymous_3)
FN:23,(anonymous_4)
FN:33,(anonymous_5)
FN:44,(anonymous_6)
FN:45,(anonymous_7)
FNF:8
FNH:8
FNDA:10,create
FNDA:10,(anonymous_1)
FNDA:2,(anonymous_2)
FNDA:2,(anonymous_3)
FNDA:2,(anonymous_4)
FNDA:1,(anonymous_5)
FNDA:1,(anonymous_6)
FNDA:1,(anonymous_7)
DA:3,1
DA:5,1
DA:6,10
DA:7,10
DA:8,10
DA:9,1
DA:11,9
DA:12,9
DA:16,1
DA:17,2
DA:18,2
DA:19,0
DA:21,2
DA:22,2
DA:23,2
DA:24,2
DA:25,0
DA:28,2
DA:29,1
DA:32,1
DA:33,1
DA:34,1
DA:35,0
DA:37,1
DA:38,1
DA:44,1
DA:45,1
DA:46,1
DA:47,0
DA:49,1
LF:30
LH:26
BRDA:8,0,0,1
BRDA:8,0,1,9
BRDA:18,1,0,0
BRDA:18,1,1,2
BRDA:24,2,0,0
BRDA:24,2,1,2
BRDA:28,3,0,1
BRDA:28,3,1,1
BRDA:34,4,0,0
BRDA:34,4,1,1
BRDA:46,5,0,0
BRDA:46,5,1,1
BRF:12
BRH:8
end_of_record
TN:
SF:D:\Entwicklung\trashbay\api\node-swagger-express-skeleton\definitions\swagger-doc.js
FNF:0
FNH:0
DA:1,1
DA:3,1
DA:5,1
LF:3
LH:3
BRF:0
BRH:0
end_of_record
TN:
SF:D:\Entwicklung\trashbay\api\node-swagger-express-skeleton\middlewares\error-middleware.js
FN:2,(anonymous_0)
FNF:1
FNH:1
FNDA:16,(anonymous_0)
DA:2,1
DA:3,16
DA:4,0
DA:7,16
DA:8,16
DA:9,16
DA:10,5
DA:11,5
DA:12,5
DA:14,16
DA:15,7
DA:16,7
DA:18,16
DA:19,16
DA:20,16
LF:15
LH:14
BRDA:3,0,0,0
BRDA:3,0,1,16
BRDA:7,1,0,16
BRDA:7,1,1,5
BRDA:9,2,0,5
BRDA:9,2,1,11
BRDA:9,3,0,16
BRDA:9,3,1,15
BRDA:11,4,0,5
BRDA:11,4,1,1
BRDA:14,5,0,7
BRDA:14,5,1,9
BRF:12
BRH:11
end_of_record
TN:
SF:D:\Entwicklung\trashbay\api\node-swagger-express-skeleton\models\model-util.js
FN:3,(anonymous_0)
FN:5,(anonymous_1)
FNF:2
FNH:2
FNDA:2,(anonymous_0)
FNDA:32,(anonymous_1)
DA:1,1
DA:4,2
DA:5,2
DA:6,32
DA:7,32
DA:8,11
DA:10,32
LF:7
LH:7
BRDA:4,0,0,2
BRDA:4,0,1,0
BRDA:7,1,0,11
BRDA:7,1,1,21
BRF:4
BRH:3
end_of_record
TN:
SF:D:\Entwicklung\trashbay\api\node-swagger-express-skeleton\models\models.js
FNF:0
FNH:0
DA:1,1
DA:2,1
DA:3,1
LF:3
LH:3
BRF:0
BRH:0
end_of_record
TN:
SF:D:\Entwicklung\trashbay\api\node-swagger-express-skeleton\models\movie.js
FNF:0
FNH:0
DA:1,1
DA:2,1
DA:4,1
DA:6,1
LF:4
LH:4
BRF:0
BRH:0
end_of_record
TN:
SF:D:\Entwicklung\trashbay\api\node-swagger-express-skeleton\models\user.js
FN:5,(anonymous_0)
FN:12,(anonymous_1)
FN:14,(anonymous_2)
FN:21,(anonymous_3)
FN:28,(anonymous_4)
FN:32,(anonymous_5)
FN:46,(anonymous_6)
FN:47,(anonymous_7)
FNF:8
FNH:8
FNDA:11,(anonymous_0)
FNDA:11,(anonymous_1)
FNDA:11,(anonymous_2)
FNDA:10,(anonymous_3)
FNDA:10,(anonymous_4)
FNDA:10,(anonymous_5)
FNDA:28,(anonymous_6)
FNDA:28,(anonymous_7)
DA:1,1
DA:2,1
DA:3,1
DA:5,1
DA:6,11
DA:12,1
DA:13,11
DA:14,11
DA:16,11
DA:21,1
DA:22,10
DA:24,10
DA:25,0
DA:28,10
DA:29,10
DA:30,0
DA:32,10
DA:33,10
DA:34,0
DA:36,10
DA:37,10
DA:46,1
DA:47,28
DA:48,28
DA:49,0
DA:51,28
DA:55,1
LF:27
LH:23
BRDA:16,0,0,11
BRDA:16,0,1,11
BRDA:24,1,0,0
BRDA:24,1,1,10
BRDA:29,2,0,0
BRDA:29,2,1,10
BRDA:33,3,0,0
BRDA:33,3,1,10
BRDA:48,4,0,0
BRDA:48,4,1,28
BRF:10
BRH:6
end_of_record
